<?xml version="1.0" encoding="utf-8" ?>
<!DOCTYPE html PUBLIC "-//W3C//DTD XHTML 1.0 Strict//EN"
        "http://www.w3.org/TR/xhtml1/DTD/xhtml1-strict.dtd">
<html xmlns="http://www.w3.org/1999/xhtml" xml:lang="" lang="">
<head>
  <title>Test Results Report - regression Test</title>
  <meta http-equiv="Content-Type" content="text/html;charset=utf-8" />
  <meta name="description" content="TestNG unit test results." />
  <link href="reportng.css" rel="stylesheet" type="text/css" />
    <script type="text/javascript" src="reportng.js"></script>
</head>
<body>
<h1>regression Test</h1>
<p>
  Test duration: 225.702s
</p>



  <table class="resultsTable">
    <tr><th colspan="3" class="header failed">Failed Tests</th></tr>
          <tr>
        <td colspan="3" class="group">com.tutorialsninja.testsuite.AccountLoginPageTest</td>
      </tr>
            
<tr>
  <td class="method">
                  verifyThatUserShouldLoginAndLogoutSuccessfully
      </td>
  <td class="duration">
    2.832s
  </td>
  <td class="result">
        
    
            <div class="testOutput">
                        Click on My Account Tab[[ChromeDriver: chrome on WINDOWS (60777f510fdaa9d5f035c4848d166a53)] -&gt; xpath: //span[contains(text(),&apos;My Account&apos;)]]<br />
                                Enter Email address[[ChromeDriver: chrome on WINDOWS (60777f510fdaa9d5f035c4848d166a53)] -&gt; id: input-email]<br />
                                Enter Valid Password[[ChromeDriver: chrome on WINDOWS (60777f510fdaa9d5f035c4848d166a53)] -&gt; name: password]<br />
                                Click on Login Button[[ChromeDriver: chrome on WINDOWS (60777f510fdaa9d5f035c4848d166a53)] -&gt; xpath: //input[@value=&apos;Login&apos;]]<br />
                                Get my account text[[ChromeDriver: chrome on WINDOWS (60777f510fdaa9d5f035c4848d166a53)] -&gt; xpath: //h2[contains(text(),&apos;My Account&apos;)]]<br />
                                Click on My Account Tab[[ChromeDriver: chrome on WINDOWS (60777f510fdaa9d5f035c4848d166a53)] -&gt; xpath: //span[contains(text(),&apos;My Account&apos;)]]<br />
                  </div>
    

        <a href="javascript:toggleElement('exception-0', 'block')" title="Click to expand/collapse"><b>org.openqa.selenium.StaleElementReferenceException: stale element reference: element is not attached to the page document<br/>
&nbsp; (Session info: chrome=112.0.5615.138)<br/>
For documentation on this error, please visit: https://selenium.dev/exceptions/#stale_element_reference<br/>
Build info: version: &apos;4.9.0&apos;, revision: &apos;d7057100a6&apos;<br/>
System info: os.name: &apos;Windows 10&apos;, os.arch: &apos;amd64&apos;, os.version: &apos;10.0&apos;, java.version: &apos;1.8.0_121&apos;<br/>
Driver info: org.openqa.selenium.chrome.ChromeDriver<br/>
Command: [60777f510fdaa9d5f035c4848d166a53, clickElement {id=2f4b272f-7bd2-41e7-a8d0-6f2c11aa0faa}]<br/>
Capabilities {acceptInsecureCerts: false, browserName: chrome, browserVersion: 112.0.5615.138, chrome: {chromedriverVersion: 112.0.5615.49 (bd2a7bcb881c..., userDataDir: C:\Users\bhart\AppData\Loca...}, goog:chromeOptions: {debuggerAddress: localhost:52943}, networkConnectionEnabled: false, pageLoadStrategy: normal, platformName: WINDOWS, proxy: Proxy(), se:cdp: ws://localhost:52943/devtoo..., se:cdpVersion: 112.0.5615.138, setWindowRect: true, strictFileInteractability: false, timeouts: {implicit: 0, pageLoad: 300000, script: 30000}, unhandledPromptBehavior: dismiss and notify, webauthn:extension:credBlob: true, webauthn:extension:largeBlob: true, webauthn:extension:minPinLength: true, webauthn:extension:prf: true, webauthn:virtualAuthenticators: true}<br/>
Element: [[ChromeDriver: chrome on WINDOWS (60777f510fdaa9d5f035c4848d166a53)] -&gt; xpath: //span[contains(text(),&apos;My Account&apos;)]]<br/>
Session ID: 60777f510fdaa9d5f035c4848d166a53</b></a><br />
    <div class="stackTrace" id="exception-0">
              sun.reflect.NativeConstructorAccessorImpl.newInstance0(Native Method)<br />
              sun.reflect.NativeConstructorAccessorImpl.newInstance(NativeConstructorAccessorImpl.java:62)<br />
              sun.reflect.DelegatingConstructorAccessorImpl.newInstance(DelegatingConstructorAccessorImpl.java:45)<br />
              java.lang.reflect.Constructor.newInstance(Constructor.java:423)<br />
              org.openqa.selenium.remote.codec.w3c.W3CHttpResponseCodec.createException(W3CHttpResponseCodec.java:200)<br />
              org.openqa.selenium.remote.codec.w3c.W3CHttpResponseCodec.decode(W3CHttpResponseCodec.java:133)<br />
              org.openqa.selenium.remote.codec.w3c.W3CHttpResponseCodec.decode(W3CHttpResponseCodec.java:53)<br />
              org.openqa.selenium.remote.HttpCommandExecutor.execute(HttpCommandExecutor.java:193)<br />
              org.openqa.selenium.remote.service.DriverCommandExecutor.invokeExecute(DriverCommandExecutor.java:183)<br />
              org.openqa.selenium.remote.service.DriverCommandExecutor.execute(DriverCommandExecutor.java:158)<br />
              org.openqa.selenium.remote.RemoteWebDriver.execute(RemoteWebDriver.java:543)<br />
              org.openqa.selenium.remote.RemoteWebElement.execute(RemoteWebElement.java:257)<br />
              org.openqa.selenium.remote.RemoteWebElement.click(RemoteWebElement.java:78)<br />
              sun.reflect.NativeMethodAccessorImpl.invoke0(Native Method)<br />
              sun.reflect.NativeMethodAccessorImpl.invoke(NativeMethodAccessorImpl.java:62)<br />
              sun.reflect.DelegatingMethodAccessorImpl.invoke(DelegatingMethodAccessorImpl.java:43)<br />
              java.lang.reflect.Method.invoke(Method.java:498)<br />
              org.openqa.selenium.support.pagefactory.internal.LocatingElementHandler.invoke(LocatingElementHandler.java:52)<br />
              com.sun.proxy.$Proxy15.click(Unknown Source)<br />
              com.tutorialsninja.utilities.Utility.clickOnElement(Utility.java:54)<br />
              com.tutorialsninja.pages.MyAccountPage.clickOnMyAccountTab(MyAccountPage.java:35)<br />
              com.tutorialsninja.testsuite.AccountLoginPageTest.verifyThatUserShouldLoginAndLogoutSuccessfully(AccountLoginPageTest.java:50)<br />
              sun.reflect.NativeMethodAccessorImpl.invoke0(Native Method)<br />
              sun.reflect.NativeMethodAccessorImpl.invoke(NativeMethodAccessorImpl.java:62)<br />
              sun.reflect.DelegatingMethodAccessorImpl.invoke(DelegatingMethodAccessorImpl.java:43)<br />
              java.lang.reflect.Method.invoke(Method.java:498)<br />
              org.testng.internal.invokers.MethodInvocationHelper.invokeMethod(MethodInvocationHelper.java:135)<br />
              org.testng.internal.invokers.TestInvoker.invokeMethod(TestInvoker.java:673)<br />
              org.testng.internal.invokers.TestInvoker.invokeTestMethod(TestInvoker.java:220)<br />
              org.testng.internal.invokers.MethodRunner.runInSequence(MethodRunner.java:50)<br />
              org.testng.internal.invokers.TestInvoker$MethodInvocationAgent.invoke(TestInvoker.java:945)<br />
              org.testng.internal.invokers.TestInvoker.invokeTestMethods(TestInvoker.java:193)<br />
              org.testng.internal.invokers.TestMethodWorker.invokeTestMethods(TestMethodWorker.java:146)<br />
              org.testng.internal.invokers.TestMethodWorker.run(TestMethodWorker.java:128)<br />
              java.util.ArrayList.forEach(ArrayList.java:1249)<br />
              org.testng.TestRunner.privateRun(TestRunner.java:808)<br />
              org.testng.TestRunner.run(TestRunner.java:603)<br />
              org.testng.SuiteRunner.runTest(SuiteRunner.java:429)<br />
              org.testng.SuiteRunner.runSequentially(SuiteRunner.java:423)<br />
              org.testng.SuiteRunner.privateRun(SuiteRunner.java:383)<br />
              org.testng.SuiteRunner.run(SuiteRunner.java:326)<br />
              org.testng.SuiteRunnerWorker.runSuite(SuiteRunnerWorker.java:52)<br />
              org.testng.SuiteRunnerWorker.run(SuiteRunnerWorker.java:95)<br />
              org.testng.TestNG.runSuitesSequentially(TestNG.java:1249)<br />
              org.testng.TestNG.runSuitesLocally(TestNG.java:1169)<br />
              org.testng.TestNG.runSuites(TestNG.java:1092)<br />
              org.testng.TestNG.run(TestNG.java:1060)<br />
              com.intellij.rt.testng.IDEARemoteTestNG.run(IDEARemoteTestNG.java:66)<br />
              com.intellij.rt.testng.RemoteTestNGStarter.main(RemoteTestNGStarter.java:109)<br />
                </div>
      </td>
</tr>
          <tr>
        <td colspan="3" class="group">com.tutorialsninja.testsuite.AccountRegisterPageTest</td>
      </tr>
            
<tr>
  <td class="method">
                  verifyThatUserRegisterAccountSuccessfully
      </td>
  <td class="duration">
    64.189s
  </td>
  <td class="result">
        
    
            <div class="testOutput">
                        Click on My Account Tab[[ChromeDriver: chrome on WINDOWS (df0a99cb1d6cf66f906ea8d48d96116e)] -&gt; xpath: //span[contains(text(),&apos;My Account&apos;)]]<br />
                                Enter FirstName[[ChromeDriver: chrome on WINDOWS (df0a99cb1d6cf66f906ea8d48d96116e)] -&gt; name: firstname]<br />
                                Enter LastName[[ChromeDriver: chrome on WINDOWS (df0a99cb1d6cf66f906ea8d48d96116e)] -&gt; name: lastname]<br />
                                Enter Email[[ChromeDriver: chrome on WINDOWS (df0a99cb1d6cf66f906ea8d48d96116e)] -&gt; name: email]<br />
                                Enter Telephone[[ChromeDriver: chrome on WINDOWS (df0a99cb1d6cf66f906ea8d48d96116e)] -&gt; name: telephone]<br />
                                Enter Password[[ChromeDriver: chrome on WINDOWS (df0a99cb1d6cf66f906ea8d48d96116e)] -&gt; id: input-password]<br />
                                Enter Confirm Password[[ChromeDriver: chrome on WINDOWS (df0a99cb1d6cf66f906ea8d48d96116e)] -&gt; id: input-confirm]<br />
                                Select subscribe yes radio button[[ChromeDriver: chrome on WINDOWS (df0a99cb1d6cf66f906ea8d48d96116e)] -&gt; xpath: (//input[@type=&apos;radio&apos;])[2]]<br />
                                Click on Privacy policy checkout[[ChromeDriver: chrome on WINDOWS (df0a99cb1d6cf66f906ea8d48d96116e)] -&gt; name: agree]<br />
                                Click on continue button[[ChromeDriver: chrome on WINDOWS (df0a99cb1d6cf66f906ea8d48d96116e)] -&gt; xpath: //input[@type=&apos;submit&apos;]]<br />
                                Get Account has been created textProxy element for: DefaultElementLocator &apos;By.xpath: //h1[contains(text(),&apos;Your Account Has Been Created!&apos;)]&apos;<br />
                  </div>
    

        <a href="javascript:toggleElement('exception-1', 'block')" title="Click to expand/collapse"><b>org.openqa.selenium.NoSuchElementException: no such element: Unable to locate element: {&quot;method&quot;:&quot;xpath&quot;,&quot;selector&quot;:&quot;//h1[contains(text(),&apos;Your Account Has Been Created!&apos;)]&quot;}<br/>
&nbsp; (Session info: chrome=112.0.5615.138)<br/>
For documentation on this error, please visit: https://selenium.dev/exceptions/#no_such_element<br/>
Build info: version: &apos;4.9.0&apos;, revision: &apos;d7057100a6&apos;<br/>
System info: os.name: &apos;Windows 10&apos;, os.arch: &apos;amd64&apos;, os.version: &apos;10.0&apos;, java.version: &apos;1.8.0_121&apos;<br/>
Driver info: org.openqa.selenium.chrome.ChromeDriver<br/>
Command: [df0a99cb1d6cf66f906ea8d48d96116e, findElement {using=xpath, value=//h1[contains(text(),&apos;Your Account Has Been Created!&apos;)]}]<br/>
Capabilities {acceptInsecureCerts: false, browserName: chrome, browserVersion: 112.0.5615.138, chrome: {chromedriverVersion: 112.0.5615.49 (bd2a7bcb881c..., userDataDir: C:\Users\bhart\AppData\Loca...}, goog:chromeOptions: {debuggerAddress: localhost:53005}, networkConnectionEnabled: false, pageLoadStrategy: normal, platformName: WINDOWS, proxy: Proxy(), se:cdp: ws://localhost:53005/devtoo..., se:cdpVersion: 112.0.5615.138, setWindowRect: true, strictFileInteractability: false, timeouts: {implicit: 0, pageLoad: 300000, script: 30000}, unhandledPromptBehavior: dismiss and notify, webauthn:extension:credBlob: true, webauthn:extension:largeBlob: true, webauthn:extension:minPinLength: true, webauthn:extension:prf: true, webauthn:virtualAuthenticators: true}<br/>
Session ID: df0a99cb1d6cf66f906ea8d48d96116e</b></a><br />
    <div class="stackTrace" id="exception-1">
              sun.reflect.NativeConstructorAccessorImpl.newInstance0(Native Method)<br />
              sun.reflect.NativeConstructorAccessorImpl.newInstance(NativeConstructorAccessorImpl.java:62)<br />
              sun.reflect.DelegatingConstructorAccessorImpl.newInstance(DelegatingConstructorAccessorImpl.java:45)<br />
              java.lang.reflect.Constructor.newInstance(Constructor.java:423)<br />
              org.openqa.selenium.remote.codec.w3c.W3CHttpResponseCodec.createException(W3CHttpResponseCodec.java:200)<br />
              org.openqa.selenium.remote.codec.w3c.W3CHttpResponseCodec.decode(W3CHttpResponseCodec.java:133)<br />
              org.openqa.selenium.remote.codec.w3c.W3CHttpResponseCodec.decode(W3CHttpResponseCodec.java:53)<br />
              org.openqa.selenium.remote.HttpCommandExecutor.execute(HttpCommandExecutor.java:193)<br />
              org.openqa.selenium.remote.service.DriverCommandExecutor.invokeExecute(DriverCommandExecutor.java:183)<br />
              org.openqa.selenium.remote.service.DriverCommandExecutor.execute(DriverCommandExecutor.java:158)<br />
              org.openqa.selenium.remote.RemoteWebDriver.execute(RemoteWebDriver.java:543)<br />
              org.openqa.selenium.remote.ElementLocation$ElementFinder$2.findElement(ElementLocation.java:162)<br />
              org.openqa.selenium.remote.ElementLocation.findElement(ElementLocation.java:60)<br />
              org.openqa.selenium.remote.RemoteWebDriver.findElement(RemoteWebDriver.java:352)<br />
              org.openqa.selenium.remote.RemoteWebDriver.findElement(RemoteWebDriver.java:344)<br />
              org.openqa.selenium.support.pagefactory.DefaultElementLocator.findElement(DefaultElementLocator.java:70)<br />
              org.openqa.selenium.support.pagefactory.internal.LocatingElementHandler.invoke(LocatingElementHandler.java:39)<br />
              com.sun.proxy.$Proxy15.getText(Unknown Source)<br />
              com.tutorialsninja.utilities.Utility.getTextFromElement(Utility.java:65)<br />
              com.tutorialsninja.pages.MyAccountRegisterPage.getAccountHasBeenCreatedText(MyAccountRegisterPage.java:114)<br />
              com.tutorialsninja.testsuite.AccountRegisterPageTest.verifyThatUserRegisterAccountSuccessfully(AccountRegisterPageTest.java:55)<br />
              sun.reflect.NativeMethodAccessorImpl.invoke0(Native Method)<br />
              sun.reflect.NativeMethodAccessorImpl.invoke(NativeMethodAccessorImpl.java:62)<br />
              sun.reflect.DelegatingMethodAccessorImpl.invoke(DelegatingMethodAccessorImpl.java:43)<br />
              java.lang.reflect.Method.invoke(Method.java:498)<br />
              org.testng.internal.invokers.MethodInvocationHelper.invokeMethod(MethodInvocationHelper.java:135)<br />
              org.testng.internal.invokers.TestInvoker.invokeMethod(TestInvoker.java:673)<br />
              org.testng.internal.invokers.TestInvoker.invokeTestMethod(TestInvoker.java:220)<br />
              org.testng.internal.invokers.MethodRunner.runInSequence(MethodRunner.java:50)<br />
              org.testng.internal.invokers.TestInvoker$MethodInvocationAgent.invoke(TestInvoker.java:945)<br />
              org.testng.internal.invokers.TestInvoker.invokeTestMethods(TestInvoker.java:193)<br />
              org.testng.internal.invokers.TestMethodWorker.invokeTestMethods(TestMethodWorker.java:146)<br />
              org.testng.internal.invokers.TestMethodWorker.run(TestMethodWorker.java:128)<br />
              java.util.ArrayList.forEach(ArrayList.java:1249)<br />
              org.testng.TestRunner.privateRun(TestRunner.java:808)<br />
              org.testng.TestRunner.run(TestRunner.java:603)<br />
              org.testng.SuiteRunner.runTest(SuiteRunner.java:429)<br />
              org.testng.SuiteRunner.runSequentially(SuiteRunner.java:423)<br />
              org.testng.SuiteRunner.privateRun(SuiteRunner.java:383)<br />
              org.testng.SuiteRunner.run(SuiteRunner.java:326)<br />
              org.testng.SuiteRunnerWorker.runSuite(SuiteRunnerWorker.java:52)<br />
              org.testng.SuiteRunnerWorker.run(SuiteRunnerWorker.java:95)<br />
              org.testng.TestNG.runSuitesSequentially(TestNG.java:1249)<br />
              org.testng.TestNG.runSuitesLocally(TestNG.java:1169)<br />
              org.testng.TestNG.runSuites(TestNG.java:1092)<br />
              org.testng.TestNG.run(TestNG.java:1060)<br />
              com.intellij.rt.testng.IDEARemoteTestNG.run(IDEARemoteTestNG.java:66)<br />
              com.intellij.rt.testng.RemoteTestNGStarter.main(RemoteTestNGStarter.java:109)<br />
                </div>
      </td>
</tr>
          <tr>
        <td colspan="3" class="group">com.tutorialsninja.testsuite.DesktopTest</td>
      </tr>
            
<tr>
  <td class="method">
                  verifyProductAddedToShoppingCartSuccessFully
      </td>
  <td class="duration">
    25.380s
  </td>
  <td class="result">
        
    
            <div class="testOutput">
                        Click on Desktops[[ChromeDriver: chrome on WINDOWS (96d3899037d90306892bfc2c66767377)] -&gt; link text: Desktops]<br />
                                Click on show all Desktops[[ChromeDriver: chrome on WINDOWS (96d3899037d90306892bfc2c66767377)] -&gt; link text: Show AllDesktops]<br />
                                Select sort By A to Z[[ChromeDriver: chrome on WINDOWS (96d3899037d90306892bfc2c66767377)] -&gt; id: input-sort]<br />
                                Select Product[[ChromeDriver: chrome on WINDOWS (96d3899037d90306892bfc2c66767377)] -&gt; xpath: //a[contains(text(),&apos;HP LP3065&apos;)]]<br />
                                Get HP text[[ChromeDriver: chrome on WINDOWS (96d3899037d90306892bfc2c66767377)] -&gt; xpath: //h1[contains(text(),&apos;HP LP3065&apos;)]]<br />
                                Add to Cart[[ChromeDriver: chrome on WINDOWS (96d3899037d90306892bfc2c66767377)] -&gt; id: button-cart]<br />
                                Get success message text[[ChromeDriver: chrome on WINDOWS (96d3899037d90306892bfc2c66767377)] -&gt; xpath: //div[@class=&apos;alert alert-success alert-dismissible&apos;]]<br />
                                Click on shopping cart[[ChromeDriver: chrome on WINDOWS (96d3899037d90306892bfc2c66767377)] -&gt; xpath: //a[contains(text(),&apos;shopping cart&apos;)]]<br />
                                Get shopping cart text[[ChromeDriver: chrome on WINDOWS (96d3899037d90306892bfc2c66767377)] -&gt; xpath: //h1[contains(text(),&apos;Shopping Cart&apos;)]]<br />
                                Click on currency tab[[ChromeDriver: chrome on WINDOWS (96d3899037d90306892bfc2c66767377)] -&gt; xpath: //span[contains(text(),&apos;Currency&apos;)]]<br />
                                Click on pound sterling[[ChromeDriver: chrome on WINDOWS (96d3899037d90306892bfc2c66767377)] -&gt; xpath: //button[contains(text(),&apos;£Pound Sterling&apos;)]]<br />
                  </div>
    

        <a href="javascript:toggleElement('exception-2', 'block')" title="Click to expand/collapse"><b>org.openqa.selenium.InvalidSelectorException: invalid selector: Unable to locate an element with the xpath expression //a[contains(text(),&apos;HP LP3065&apos;)])[2] because of the following error:<br/>
SyntaxError: Failed to execute &apos;evaluate&apos; on &apos;Document&apos;: The string &apos;//a[contains(text(),&apos;HP LP3065&apos;)])[2]&apos; is not a valid XPath expression.<br/>
&nbsp; (Session info: chrome=112.0.5615.138)<br/>
For documentation on this error, please visit: https://selenium.dev/exceptions/#invalid_selector_exception<br/>
Build info: version: &apos;4.9.0&apos;, revision: &apos;d7057100a6&apos;<br/>
System info: os.name: &apos;Windows 10&apos;, os.arch: &apos;amd64&apos;, os.version: &apos;10.0&apos;, java.version: &apos;1.8.0_121&apos;<br/>
Driver info: org.openqa.selenium.chrome.ChromeDriver<br/>
Command: [96d3899037d90306892bfc2c66767377, findElement {using=xpath, value=//a[contains(text(),&apos;HP LP3065&apos;)])[2]}]<br/>
Capabilities {acceptInsecureCerts: false, browserName: chrome, browserVersion: 112.0.5615.138, chrome: {chromedriverVersion: 112.0.5615.49 (bd2a7bcb881c..., userDataDir: C:\Users\bhart\AppData\Loca...}, goog:chromeOptions: {debuggerAddress: localhost:53072}, networkConnectionEnabled: false, pageLoadStrategy: normal, platformName: WINDOWS, proxy: Proxy(), se:cdp: ws://localhost:53072/devtoo..., se:cdpVersion: 112.0.5615.138, setWindowRect: true, strictFileInteractability: false, timeouts: {implicit: 0, pageLoad: 300000, script: 30000}, unhandledPromptBehavior: dismiss and notify, webauthn:extension:credBlob: true, webauthn:extension:largeBlob: true, webauthn:extension:minPinLength: true, webauthn:extension:prf: true, webauthn:virtualAuthenticators: true}<br/>
Session ID: 96d3899037d90306892bfc2c66767377</b></a><br />
    <div class="stackTrace" id="exception-2">
              sun.reflect.NativeConstructorAccessorImpl.newInstance0(Native Method)<br />
              sun.reflect.NativeConstructorAccessorImpl.newInstance(NativeConstructorAccessorImpl.java:62)<br />
              sun.reflect.DelegatingConstructorAccessorImpl.newInstance(DelegatingConstructorAccessorImpl.java:45)<br />
              java.lang.reflect.Constructor.newInstance(Constructor.java:423)<br />
              org.openqa.selenium.remote.codec.w3c.W3CHttpResponseCodec.createException(W3CHttpResponseCodec.java:200)<br />
              org.openqa.selenium.remote.codec.w3c.W3CHttpResponseCodec.decode(W3CHttpResponseCodec.java:133)<br />
              org.openqa.selenium.remote.codec.w3c.W3CHttpResponseCodec.decode(W3CHttpResponseCodec.java:53)<br />
              org.openqa.selenium.remote.HttpCommandExecutor.execute(HttpCommandExecutor.java:193)<br />
              org.openqa.selenium.remote.service.DriverCommandExecutor.invokeExecute(DriverCommandExecutor.java:183)<br />
              org.openqa.selenium.remote.service.DriverCommandExecutor.execute(DriverCommandExecutor.java:158)<br />
              org.openqa.selenium.remote.RemoteWebDriver.execute(RemoteWebDriver.java:543)<br />
              org.openqa.selenium.remote.ElementLocation$ElementFinder$2.findElement(ElementLocation.java:162)<br />
              org.openqa.selenium.remote.ElementLocation.findElement(ElementLocation.java:60)<br />
              org.openqa.selenium.remote.RemoteWebDriver.findElement(RemoteWebDriver.java:352)<br />
              org.openqa.selenium.remote.RemoteWebDriver.findElement(RemoteWebDriver.java:344)<br />
              org.openqa.selenium.support.pagefactory.DefaultElementLocator.findElement(DefaultElementLocator.java:70)<br />
              org.openqa.selenium.support.pagefactory.internal.LocatingElementHandler.invoke(LocatingElementHandler.java:39)<br />
              com.sun.proxy.$Proxy15.toString(Unknown Source)<br />
              java.lang.String.valueOf(String.java:2994)<br />
              java.lang.StringBuilder.append(StringBuilder.java:131)<br />
              com.tutorialsninja.pages.DesktopPage.getHPProdcutText(DesktopPage.java:121)<br />
              com.tutorialsninja.testsuite.DesktopTest.verifyProductAddedToShoppingCartSuccessFully(DesktopTest.java:63)<br />
              sun.reflect.NativeMethodAccessorImpl.invoke0(Native Method)<br />
              sun.reflect.NativeMethodAccessorImpl.invoke(NativeMethodAccessorImpl.java:62)<br />
              sun.reflect.DelegatingMethodAccessorImpl.invoke(DelegatingMethodAccessorImpl.java:43)<br />
              java.lang.reflect.Method.invoke(Method.java:498)<br />
              org.testng.internal.invokers.MethodInvocationHelper.invokeMethod(MethodInvocationHelper.java:135)<br />
              org.testng.internal.invokers.TestInvoker.invokeMethod(TestInvoker.java:673)<br />
              org.testng.internal.invokers.TestInvoker.invokeTestMethod(TestInvoker.java:220)<br />
              org.testng.internal.invokers.MethodRunner.runInSequence(MethodRunner.java:50)<br />
              org.testng.internal.invokers.TestInvoker$MethodInvocationAgent.invoke(TestInvoker.java:945)<br />
              org.testng.internal.invokers.TestInvoker.invokeTestMethods(TestInvoker.java:193)<br />
              org.testng.internal.invokers.TestMethodWorker.invokeTestMethods(TestMethodWorker.java:146)<br />
              org.testng.internal.invokers.TestMethodWorker.run(TestMethodWorker.java:128)<br />
              java.util.ArrayList.forEach(ArrayList.java:1249)<br />
              org.testng.TestRunner.privateRun(TestRunner.java:808)<br />
              org.testng.TestRunner.run(TestRunner.java:603)<br />
              org.testng.SuiteRunner.runTest(SuiteRunner.java:429)<br />
              org.testng.SuiteRunner.runSequentially(SuiteRunner.java:423)<br />
              org.testng.SuiteRunner.privateRun(SuiteRunner.java:383)<br />
              org.testng.SuiteRunner.run(SuiteRunner.java:326)<br />
              org.testng.SuiteRunnerWorker.runSuite(SuiteRunnerWorker.java:52)<br />
              org.testng.SuiteRunnerWorker.run(SuiteRunnerWorker.java:95)<br />
              org.testng.TestNG.runSuitesSequentially(TestNG.java:1249)<br />
              org.testng.TestNG.runSuitesLocally(TestNG.java:1169)<br />
              org.testng.TestNG.runSuites(TestNG.java:1092)<br />
              org.testng.TestNG.run(TestNG.java:1060)<br />
              com.intellij.rt.testng.IDEARemoteTestNG.run(IDEARemoteTestNG.java:66)<br />
              com.intellij.rt.testng.RemoteTestNGStarter.main(RemoteTestNGStarter.java:109)<br />
                </div>
      </td>
</tr>
          <tr>
        <td colspan="3" class="group">com.tutorialsninja.testsuite.LaptopsAndNoteBooksTest</td>
      </tr>
            
<tr>
  <td class="method">
                  verifyThatUserPlaceOrderSuccessfully
      </td>
  <td class="duration">
    7.052s
  </td>
  <td class="result">
        
    
            <div class="testOutput">
                        Click on currency tab[[ChromeDriver: chrome on WINDOWS (5e44eede2a5e55beef374f7652c5fb2f)] -&gt; xpath: //span[contains(text(),&apos;Currency&apos;)]]<br />
                                Click on pound sterling[[ChromeDriver: chrome on WINDOWS (5e44eede2a5e55beef374f7652c5fb2f)] -&gt; xpath: //button[contains(text(),&apos;£Pound Sterling&apos;)]]<br />
                                Click on Laptops and Notebooks[[ChromeDriver: chrome on WINDOWS (5e44eede2a5e55beef374f7652c5fb2f)] -&gt; link text: Laptops &amp; Notebooks]<br />
                                Click on show all laptop and notebooks[[ChromeDriver: chrome on WINDOWS (5e44eede2a5e55beef374f7652c5fb2f)] -&gt; link text: Show AllLaptops &amp; Notebooks]<br />
                                Sort by price High to Low[[ChromeDriver: chrome on WINDOWS (5e44eede2a5e55beef374f7652c5fb2f)] -&gt; id: input-sort]<br />
                                Click on Macbook[[ChromeDriver: chrome on WINDOWS (5e44eede2a5e55beef374f7652c5fb2f)] -&gt; link text: MacBook]<br />
                                Get Macbook text[[ChromeDriver: chrome on WINDOWS (5e44eede2a5e55beef374f7652c5fb2f)] -&gt; xpath: //h1[contains(text(),&apos;MacBook&apos;)]]<br />
                                Add to cart[[ChromeDriver: chrome on WINDOWS (5e44eede2a5e55beef374f7652c5fb2f)] -&gt; xpath: //button[@id=&apos;button-cart&apos;]]<br />
                                Get success text[[ChromeDriver: chrome on WINDOWS (5e44eede2a5e55beef374f7652c5fb2f)] -&gt; xpath: //div[@class = &apos;alert alert-success alert-dismissible&apos;]]<br />
                                Click on shopping cart[[ChromeDriver: chrome on WINDOWS (5e44eede2a5e55beef374f7652c5fb2f)] -&gt; xpath: //a[contains(text(),&apos;shopping cart&apos;)]]<br />
                                Get shopping cart text[[ChromeDriver: chrome on WINDOWS (5e44eede2a5e55beef374f7652c5fb2f)] -&gt; xpath: //div[@id=&apos;content&apos;]//h1]<br />
                                Get Macbook name text[[ChromeDriver: chrome on WINDOWS (5e44eede2a5e55beef374f7652c5fb2f)] -&gt; xpath: //div[@class = &apos;table-responsive&apos;]/table/tbody/tr/td[2]/a]<br />
                                Clear Qty[[ChromeDriver: chrome on WINDOWS (5e44eede2a5e55beef374f7652c5fb2f)] -&gt; xpath: //tbody/tr[1]/td[4]/div[1]/input[1]]<br />
                  </div>
    

        <a href="javascript:toggleElement('exception-3', 'block')" title="Click to expand/collapse"><b>java.lang.ClassCastException: com.sun.proxy.$Proxy15 cannot be cast to org.openqa.selenium.By</b></a><br />
    <div class="stackTrace" id="exception-3">
              com.tutorialsninja.pages.LaptopsAndNoteBooksPage.clearQty(LaptopsAndNoteBooksPage.java:172)<br />
              com.tutorialsninja.testsuite.LaptopsAndNoteBooksTest.verifyThatUserPlaceOrderSuccessfully(LaptopsAndNoteBooksTest.java:67)<br />
              sun.reflect.NativeMethodAccessorImpl.invoke0(Native Method)<br />
              sun.reflect.NativeMethodAccessorImpl.invoke(NativeMethodAccessorImpl.java:62)<br />
              sun.reflect.DelegatingMethodAccessorImpl.invoke(DelegatingMethodAccessorImpl.java:43)<br />
              java.lang.reflect.Method.invoke(Method.java:498)<br />
              org.testng.internal.invokers.MethodInvocationHelper.invokeMethod(MethodInvocationHelper.java:135)<br />
              org.testng.internal.invokers.TestInvoker.invokeMethod(TestInvoker.java:673)<br />
              org.testng.internal.invokers.TestInvoker.invokeTestMethod(TestInvoker.java:220)<br />
              org.testng.internal.invokers.MethodRunner.runInSequence(MethodRunner.java:50)<br />
              org.testng.internal.invokers.TestInvoker$MethodInvocationAgent.invoke(TestInvoker.java:945)<br />
              org.testng.internal.invokers.TestInvoker.invokeTestMethods(TestInvoker.java:193)<br />
              org.testng.internal.invokers.TestMethodWorker.invokeTestMethods(TestMethodWorker.java:146)<br />
              org.testng.internal.invokers.TestMethodWorker.run(TestMethodWorker.java:128)<br />
              java.util.ArrayList.forEach(ArrayList.java:1249)<br />
              org.testng.TestRunner.privateRun(TestRunner.java:808)<br />
              org.testng.TestRunner.run(TestRunner.java:603)<br />
              org.testng.SuiteRunner.runTest(SuiteRunner.java:429)<br />
              org.testng.SuiteRunner.runSequentially(SuiteRunner.java:423)<br />
              org.testng.SuiteRunner.privateRun(SuiteRunner.java:383)<br />
              org.testng.SuiteRunner.run(SuiteRunner.java:326)<br />
              org.testng.SuiteRunnerWorker.runSuite(SuiteRunnerWorker.java:52)<br />
              org.testng.SuiteRunnerWorker.run(SuiteRunnerWorker.java:95)<br />
              org.testng.TestNG.runSuitesSequentially(TestNG.java:1249)<br />
              org.testng.TestNG.runSuitesLocally(TestNG.java:1169)<br />
              org.testng.TestNG.runSuites(TestNG.java:1092)<br />
              org.testng.TestNG.run(TestNG.java:1060)<br />
              com.intellij.rt.testng.IDEARemoteTestNG.run(IDEARemoteTestNG.java:66)<br />
              com.intellij.rt.testng.RemoteTestNGStarter.main(RemoteTestNGStarter.java:109)<br />
                </div>
      </td>
</tr>
      </table>


  <table class="resultsTable">
    <tr><th colspan="3" class="header passed">Passed Tests</th></tr>
          <tr>
        <td colspan="3" class="group">com.tutorialsninja.testsuite.AccountLoginPageTest</td>
      </tr>
            
<tr>
  <td class="method">
                  verifyUserShouldNavigateToLoginPageSuccessfully
      </td>
  <td class="duration">
    1.501s
  </td>
  <td class="result">
        
    
            <div class="testOutput">
                        Click on My Account Tab[[ChromeDriver: chrome on WINDOWS (4300d73e5031b2629cc188c53352be34)] -&gt; xpath: //span[contains(text(),&apos;My Account&apos;)]]<br />
                                Get Returning customer text[[ChromeDriver: chrome on WINDOWS (4300d73e5031b2629cc188c53352be34)] -&gt; xpath: //h2[normalize-space()=&apos;Returning Customer&apos;]]<br />
                  </div>
    

      </td>
</tr>
          <tr>
        <td colspan="3" class="group">com.tutorialsninja.testsuite.AccountRegisterPageTest</td>
      </tr>
            
<tr>
  <td class="method">
                  verifyUserShouldNavigateToRegisterPageSuccessfully
      </td>
  <td class="duration">
    2.490s
  </td>
  <td class="result">
        
    
            <div class="testOutput">
                        Click on My Account Tab[[ChromeDriver: chrome on WINDOWS (275922adf0469363697d743cb2731729)] -&gt; xpath: //span[contains(text(),&apos;My Account&apos;)]]<br />
                                Get Register Account Text[[ChromeDriver: chrome on WINDOWS (275922adf0469363697d743cb2731729)] -&gt; xpath: //h1[normalize-space()=&apos;Register Account&apos;]]<br />
                  </div>
    

      </td>
</tr>
          <tr>
        <td colspan="3" class="group">com.tutorialsninja.testsuite.DesktopTest</td>
      </tr>
            
<tr>
  <td class="method">
                  verifyProductArrangeInAlphaBaticalOrder
      </td>
  <td class="duration">
    2.973s
  </td>
  <td class="result">
        
    
            <div class="testOutput">
                        Click on Desktops[[ChromeDriver: chrome on WINDOWS (0fac31ac6778f569c2c8a30f32f77536)] -&gt; link text: Desktops]<br />
                                Click on show all Desktops[[ChromeDriver: chrome on WINDOWS (0fac31ac6778f569c2c8a30f32f77536)] -&gt; link text: Show AllDesktops]<br />
                                Select sort by Z to A[[ChromeDriver: chrome on WINDOWS (0fac31ac6778f569c2c8a30f32f77536)] -&gt; id: input-sort]<br />
                  </div>
    

      </td>
</tr>
          <tr>
        <td colspan="3" class="group">com.tutorialsninja.testsuite.LaptopsAndNoteBooksTest</td>
      </tr>
            
<tr>
  <td class="method">
                  verifyProductsPriceDisplayHighToLowSuccessfully
      </td>
  <td class="duration">
    2.736s
  </td>
  <td class="result">
        
    
            <div class="testOutput">
                        Click on Laptops and Notebooks[[ChromeDriver: chrome on WINDOWS (858ee11667c4754b5b7d6e07cde3a690)] -&gt; link text: Laptops &amp; Notebooks]<br />
                                Click on show all laptop and notebooks[[ChromeDriver: chrome on WINDOWS (858ee11667c4754b5b7d6e07cde3a690)] -&gt; link text: Show AllLaptops &amp; Notebooks]<br />
                                Sort by price High to Low[[ChromeDriver: chrome on WINDOWS (858ee11667c4754b5b7d6e07cde3a690)] -&gt; id: input-sort]<br />
                  </div>
    

      </td>
</tr>
          <tr>
        <td colspan="3" class="group">com.tutorialsninja.testsuite.TopmenuTest</td>
      </tr>
            
<tr>
  <td class="method">
                  verifyUserShouldNavigateToComponentsPageSuccessfully
      </td>
  <td class="duration">
    1.239s
  </td>
  <td class="result">
        
    
            <div class="testOutput">
                        Click on Components[[ChromeDriver: chrome on WINDOWS (ebac15f2b05a76cd5f0f3cb22ac9b860)] -&gt; link text: Components]<br />
                                Get Components[[ChromeDriver: chrome on WINDOWS (ebac15f2b05a76cd5f0f3cb22ac9b860)] -&gt; xpath: //h2[contains(text(),&apos;Components&apos;)]]<br />
                  </div>
    

      </td>
</tr>
<tr>
  <td class="method">
                  verifyUserShouldNavigateToDesktopsPageSuccessfully
      </td>
  <td class="duration">
    1.613s
  </td>
  <td class="result">
        
    
            <div class="testOutput">
                        Click on Desktops[[ChromeDriver: chrome on WINDOWS (4e5a2bb0364e30c9988e83a0eec615b4)] -&gt; link text: Desktops]<br />
                                Get Desktop text[[ChromeDriver: chrome on WINDOWS (4e5a2bb0364e30c9988e83a0eec615b4)] -&gt; xpath: //h2[contains(text(),&apos;Desktops&apos;)]]<br />
                  </div>
    

      </td>
</tr>
<tr>
  <td class="method">
                  verifyUserShouldNavigateToLaptopsAndNotebooksPageSuccessfully
      </td>
  <td class="duration">
    1.514s
  </td>
  <td class="result">
        
    
            <div class="testOutput">
                        Click on Laptops and Notebooks[[ChromeDriver: chrome on WINDOWS (062822095ec2f573ba54589ebce4b0d0)] -&gt; link text: Laptops &amp; Notebooks]<br />
                                Get Laptops and Notebooks text[[ChromeDriver: chrome on WINDOWS (062822095ec2f573ba54589ebce4b0d0)] -&gt; xpath: //h2[contains(text(),&apos;Laptops &amp; Notebooks&apos;)]]<br />
                  </div>
    

      </td>
</tr>
      </table>
  
</body>
</html>
